<?xml version="1.0" encoding="UTF-8"?>
<!-- Generated by org.testng.reporters.JUnitReportReporter -->
<testsuite hostname="DESKTOP-27EOKUJ" name="testcases.VerifyLoginpageWithReport" tests="1" failures="0" timestamp="15 Dec 2017 08:02:22 GMT" time="47.204" errors="0">
  <testcase name="testHomepage" time="47.204" classname="testcases.VerifyLoginpageWithReport"/>
</testsuite> <!-- testcases.VerifyLoginpageWithReport -->
