<?xml version="1.0" encoding="UTF-8"?>
<!-- Generated by org.testng.reporters.JUnitReportReporter -->
<testsuite hostname="DESKTOP-27EOKUJ" name="testcases.MenproductVerify" tests="1" failures="0" timestamp="17 Dec 2017 08:54:40 GMT" time="70.387" errors="0">
  <testcase name="testHomepage" time="70.387" classname="testcases.MenproductVerify"/>
</testsuite> <!-- testcases.MenproductVerify -->
