<?xml version="1.0" encoding="UTF-8"?>
<!-- Generated by org.testng.reporters.JUnitReportReporter -->
<testsuite hostname="DESKTOP-27EOKUJ" name="testcases.VerifyLoginpage" tests="1" failures="0" timestamp="15 Dec 2017 07:16:40 GMT" time="51.233" errors="0">
  <testcase name="testHomepage" time="51.233" classname="testcases.VerifyLoginpage"/>
</testsuite> <!-- testcases.VerifyLoginpage -->
