<?xml version="1.0" encoding="UTF-8"?>
<!-- Generated by org.testng.reporters.JUnitReportReporter -->
<testsuite hostname="DESKTOP-27EOKUJ" name="testcases.VeryHomepage" tests="1" failures="0" timestamp="15 Dec 2017 16:01:42 GMT" time="24.103" errors="0">
  <testcase name="testHomepage" time="24.103" classname="testcases.VeryHomepage"/>
</testsuite> <!-- testcases.VeryHomepage -->
